The system is: Darwin - 14.3.0 - x86_64
Compiling the C compiler identification source file "CMakeCCompilerId.c" succeeded.
Compiler:  
Build flags: 
Id flags: 

The output was:
0
=== BUILD TARGET CompilerIdC OF PROJECT CompilerIdC WITH THE DEFAULT CONFIGURATION (Debug) ===

Check dependencies

Write auxiliary files
/bin/mkdir -p /Users/dvdthepmkr/Google\ Drive/git-repositories/opengl-os-x/glfw-3.1.1/build/CMakeFiles/3.2.1/CompilerIdC/CompilerIdC.build/Debug/CompilerIdC.build
write-file /Users/dvdthepmkr/Google\ Drive/git-repositories/opengl-os-x/glfw-3.1.1/build/CMakeFiles/3.2.1/CompilerIdC/CompilerIdC.build/Debug/CompilerIdC.build/Script-2C8FEB8E15DC1A1A00E56A5D.sh
chmod 0755 /Users/dvdthepmkr/Google\ Drive/git-repositories/opengl-os-x/glfw-3.1.1/build/CMakeFiles/3.2.1/CompilerIdC/CompilerIdC.build/Debug/CompilerIdC.build/Script-2C8FEB8E15DC1A1A00E56A5D.sh
write-file /Users/dvdthepmkr/Google\ Drive/git-repositories/opengl-os-x/glfw-3.1.1/build/CMakeFiles/3.2.1/CompilerIdC/CompilerIdC.build/Debug/CompilerIdC.build/CompilerIdC-project-headers.hmap
write-file /Users/dvdthepmkr/Google\ Drive/git-repositories/opengl-os-x/glfw-3.1.1/build/CMakeFiles/3.2.1/CompilerIdC/CompilerIdC.build/Debug/CompilerIdC.build/CompilerIdC-own-target-headers.hmap
write-file /Users/dvdthepmkr/Google\ Drive/git-repositories/opengl-os-x/glfw-3.1.1/build/CMakeFiles/3.2.1/CompilerIdC/CompilerIdC.build/Debug/CompilerIdC.build/CompilerIdC-all-target-headers.hmap
write-file /Users/dvdthepmkr/Google\ Drive/git-repositories/opengl-os-x/glfw-3.1.1/build/CMakeFiles/3.2.1/CompilerIdC/CompilerIdC.build/Debug/CompilerIdC.build/CompilerIdC.hmap
/bin/mkdir -p /Users/dvdthepmkr/Google\ Drive/git-repositories/opengl-os-x/glfw-3.1.1/build/CMakeFiles/3.2.1/CompilerIdC/CompilerIdC.build/Debug/CompilerIdC.build/Objects-normal/i386
write-file /Users/dvdthepmkr/Google\ Drive/git-repositories/opengl-os-x/glfw-3.1.1/build/CMakeFiles/3.2.1/CompilerIdC/CompilerIdC.build/Debug/CompilerIdC.build/Objects-normal/i386/CompilerIdC.LinkFileList
write-file /Users/dvdthepmkr/Google\ Drive/git-repositories/opengl-os-x/glfw-3.1.1/build/CMakeFiles/3.2.1/CompilerIdC/CompilerIdC.build/Debug/CompilerIdC.build/CompilerIdC-generated-files.hmap
write-file /Users/dvdthepmkr/Google\ Drive/git-repositories/opengl-os-x/glfw-3.1.1/build/CMakeFiles/3.2.1/CompilerIdC/CompilerIdC.build/Debug/CompilerIdC.build/CompilerIdC-all-non-framework-target-headers.hmap

CompileC CompilerIdC.build/Debug/CompilerIdC.build/Objects-normal/i386/CMakeCCompilerId.o CMakeCCompilerId.c normal i386 c com.apple.compilers.llvm.clang.1_0.compiler
    cd "/Users/dvdthepmkr/Google Drive/git-repositories/opengl-os-x/glfw-3.1.1/build/CMakeFiles/3.2.1/CompilerIdC"
    export LANG=en_US.US-ASCII
    /Applications/Xcode.app/Contents/Developer/Toolchains/XcodeDefault.xctoolchain/usr/bin/clang -x c -arch i386 -fmessage-length=0 -fdiagnostics-show-note-include-stack -fmacro-backtrace-limit=0 -Wno-trigraphs -fpascal-strings -Os -Wno-missing-field-initializers -Wno-missing-prototypes -Wno-return-type -Wno-missing-braces -Wparentheses -Wswitch -Wno-unused-function -Wno-unused-label -Wno-unused-parameter -Wno-unused-variable -Wunused-value -Wno-empty-body -Wno-uninitialized -Wno-unknown-pragmas -Wno-shadow -Wno-four-char-constants -Wno-conversion -Wno-constant-conversion -Wno-int-conversion -Wno-bool-conversion -Wno-enum-conversion -Wno-shorten-64-to-32 -Wpointer-sign -Wno-newline-eof -isysroot /Applications/Xcode.app/Contents/Developer/Platforms/MacOSX.platform/Developer/SDKs/MacOSX10.10.sdk -fasm-blocks -fstrict-aliasing -Wdeprecated-declarations -mmacosx-version-min=10.10 -g -fvisibility=hidden -Wno-sign-conversion -I/Users/dvdthepmkr/Google\ Drive/git-repositories/opengl-os-x/glfw-3.1.1/build/CMakeFiles/3.2.1/CompilerIdC/CompilerIdC.build/Debug/CompilerIdC.build/CompilerIdC.hmap -I/Users/dvdthepmkr/Google\ Drive/git-repositories/opengl-os-x/glfw-3.1.1/build/CMakeFiles/3.2.1/CompilerIdC/include -I/Applications/Xcode.app/Contents/Developer/Toolchains/XcodeDefault.xctoolchain/usr/include -I/Users/dvdthepmkr/Google\ Drive/git-repositories/opengl-os-x/glfw-3.1.1/build/CMakeFiles/3.2.1/CompilerIdC/CompilerIdC.build/Debug/CompilerIdC.build/DerivedSources/i386 -I/Users/dvdthepmkr/Google\ Drive/git-repositories/opengl-os-x/glfw-3.1.1/build/CMakeFiles/3.2.1/CompilerIdC/CompilerIdC.build/Debug/CompilerIdC.build/DerivedSources -F/Users/dvdthepmkr/Google\ Drive/git-repositories/opengl-os-x/glfw-3.1.1/build/CMakeFiles/3.2.1/CompilerIdC -MMD -MT dependencies -MF /Users/dvdthepmkr/Google\ Drive/git-repositories/opengl-os-x/glfw-3.1.1/build/CMakeFiles/3.2.1/CompilerIdC/CompilerIdC.build/Debug/CompilerIdC.build/Objects-normal/i386/CMakeCCompilerId.d --serialize-diagnostics /Users/dvdthepmkr/Google\ Drive/git-repositories/opengl-os-x/glfw-3.1.1/build/CMakeFiles/3.2.1/CompilerIdC/CompilerIdC.build/Debug/CompilerIdC.build/Objects-normal/i386/CMakeCCompilerId.dia -c /Users/dvdthepmkr/Google\ Drive/git-repositories/opengl-os-x/glfw-3.1.1/build/CMakeFiles/3.2.1/CompilerIdC/CMakeCCompilerId.c -o /Users/dvdthepmkr/Google\ Drive/git-repositories/opengl-os-x/glfw-3.1.1/build/CMakeFiles/3.2.1/CompilerIdC/CompilerIdC.build/Debug/CompilerIdC.build/Objects-normal/i386/CMakeCCompilerId.o

Ld CompilerIdC normal i386
    cd "/Users/dvdthepmkr/Google Drive/git-repositories/opengl-os-x/glfw-3.1.1/build/CMakeFiles/3.2.1/CompilerIdC"
    export MACOSX_DEPLOYMENT_TARGET=10.10
    /Applications/Xcode.app/Contents/Developer/Toolchains/XcodeDefault.xctoolchain/usr/bin/clang -arch i386 -isysroot /Applications/Xcode.app/Contents/Developer/Platforms/MacOSX.platform/Developer/SDKs/MacOSX10.10.sdk -L/Users/dvdthepmkr/Google\ Drive/git-repositories/opengl-os-x/glfw-3.1.1/build/CMakeFiles/3.2.1/CompilerIdC -F/Users/dvdthepmkr/Google\ Drive/git-repositories/opengl-os-x/glfw-3.1.1/build/CMakeFiles/3.2.1/CompilerIdC -filelist /Users/dvdthepmkr/Google\ Drive/git-repositories/opengl-os-x/glfw-3.1.1/build/CMakeFiles/3.2.1/CompilerIdC/CompilerIdC.build/Debug/CompilerIdC.build/Objects-normal/i386/CompilerIdC.LinkFileList -mmacosx-version-min=10.10 -Xlinker -dependency_info -Xlinker /Users/dvdthepmkr/Google\ Drive/git-repositories/opengl-os-x/glfw-3.1.1/build/CMakeFiles/3.2.1/CompilerIdC/CompilerIdC.build/Debug/CompilerIdC.build/Objects-normal/i386/CompilerIdC_dependency_info.dat -o /Users/dvdthepmkr/Google\ Drive/git-repositories/opengl-os-x/glfw-3.1.1/build/CMakeFiles/3.2.1/CompilerIdC/CompilerIdC

PhaseScriptExecution Run\ Script CompilerIdC.build/Debug/CompilerIdC.build/Script-2C8FEB8E15DC1A1A00E56A5D.sh
    cd "/Users/dvdthepmkr/Google Drive/git-repositories/opengl-os-x/glfw-3.1.1/build/CMakeFiles/3.2.1/CompilerIdC"
    /bin/sh -c \"/Users/dvdthepmkr/Google\ Drive/git-repositories/opengl-os-x/glfw-3.1.1/build/CMakeFiles/3.2.1/CompilerIdC/CompilerIdC.build/Debug/CompilerIdC.build/Script-2C8FEB8E15DC1A1A00E56A5D.sh\"
GCC_VERSION=com.apple.compilers.llvm.clang.1_0

** BUILD SUCCEEDED **



Compilation of the C compiler identification source "CMakeCCompilerId.c" produced "CompilerIdC"

The C compiler identification is AppleClang, found in "/Users/dvdthepmkr/Google Drive/git-repositories/opengl-os-x/glfw-3.1.1/build/CMakeFiles/3.2.1/CompilerIdC/CompilerIdC"

Determining if the C compiler works passed with the following output:
Change Dir: /Users/dvdthepmkr/Google Drive/git-repositories/opengl-os-x/glfw-3.1.1/build/CMakeFiles/CMakeTmp

Run Build Command:"/usr/bin/xcodebuild" "-project" "CMAKE_TRY_COMPILE.xcodeproj" "build" "-target" "cmTryCompileExec1852868258" "-configuration" "Debug"
=== BUILD TARGET cmTryCompileExec1852868258 OF PROJECT CMAKE_TRY_COMPILE WITH CONFIGURATION Debug ===

Check dependencies

Write auxiliary files
/bin/mkdir -p /Users/dvdthepmkr/Google\ Drive/git-repositories/opengl-os-x/glfw-3.1.1/build/CMakeFiles/CMakeTmp/CMAKE_TRY_COMPILE.build/Debug/cmTryCompileExec1852868258.build/Objects-normal/x86_64
write-file /Users/dvdthepmkr/Google\ Drive/git-repositories/opengl-os-x/glfw-3.1.1/build/CMakeFiles/CMakeTmp/CMAKE_TRY_COMPILE.build/Debug/cmTryCompileExec1852868258.build/Objects-normal/x86_64/cmTryCompileExec1852868258.LinkFileList

CompileC CMAKE_TRY_COMPILE.build/Debug/cmTryCompileExec1852868258.build/Objects-normal/x86_64/testCCompiler.o testCCompiler.c normal x86_64 c com.apple.compilers.llvm.clang.1_0.compiler
    cd "/Users/dvdthepmkr/Google Drive/git-repositories/opengl-os-x/glfw-3.1.1/build/CMakeFiles/CMakeTmp"
    export LANG=en_US.US-ASCII
    /Applications/Xcode.app/Contents/Developer/Toolchains/XcodeDefault.xctoolchain/usr/bin/clang -x c -arch x86_64 -fmessage-length=0 -fdiagnostics-show-note-include-stack -fmacro-backtrace-limit=0 -Wno-trigraphs -fpascal-strings -O0 -Wno-missing-field-initializers -Wno-missing-prototypes -Wno-return-type -Wno-missing-braces -Wparentheses -Wswitch -Wno-unused-function -Wno-unused-label -Wno-unused-parameter -Wno-unused-variable -Wunused-value -Wno-empty-body -Wno-uninitialized -Wno-unknown-pragmas -Wno-shadow -Wno-four-char-constants -Wno-conversion -Wno-constant-conversion -Wno-int-conversion -Wno-bool-conversion -Wno-enum-conversion -Wno-shorten-64-to-32 -Wpointer-sign -Wno-newline-eof -DCMAKE_INTDIR=\"Debug\" -isysroot /Applications/Xcode.app/Contents/Developer/Platforms/MacOSX.platform/Developer/SDKs/MacOSX10.10.sdk -fasm-blocks -fstrict-aliasing -Wdeprecated-declarations -mmacosx-version-min=10.10 -g -Wno-sign-conversion -I/Users/dvdthepmkr/Google\ Drive/git-repositories/opengl-os-x/glfw-3.1.1/build/CMakeFiles/CMakeTmp/Debug/include -I/Applications/Xcode.app/Contents/Developer/Toolchains/XcodeDefault.xctoolchain/usr/include -I/Users/dvdthepmkr/Google\ Drive/git-repositories/opengl-os-x/glfw-3.1.1/build/CMakeFiles/CMakeTmp/CMAKE_TRY_COMPILE.build/Debug/cmTryCompileExec1852868258.build/DerivedSources/x86_64 -I/Users/dvdthepmkr/Google\ Drive/git-repositories/opengl-os-x/glfw-3.1.1/build/CMakeFiles/CMakeTmp/CMAKE_TRY_COMPILE.build/Debug/cmTryCompileExec1852868258.build/DerivedSources -Wmost -Wno-four-char-constants -Wno-unknown-pragmas -F/Users/dvdthepmkr/Google\ Drive/git-repositories/opengl-os-x/glfw-3.1.1/build/CMakeFiles/CMakeTmp/Debug -MMD -MT dependencies -MF /Users/dvdthepmkr/Google\ Drive/git-repositories/opengl-os-x/glfw-3.1.1/build/CMakeFiles/CMakeTmp/CMAKE_TRY_COMPILE.build/Debug/cmTryCompileExec1852868258.build/Objects-normal/x86_64/testCCompiler.d --serialize-diagnostics /Users/dvdthepmkr/Google\ Drive/git-repositories/opengl-os-x/glfw-3.1.1/build/CMakeFiles/CMakeTmp/CMAKE_TRY_COMPILE.build/Debug/cmTryCompileExec1852868258.build/Objects-normal/x86_64/testCCompiler.dia -c /Users/dvdthepmkr/Google\ Drive/git-repositories/opengl-os-x/glfw-3.1.1/build/CMakeFiles/CMakeTmp/testCCompiler.c -o /Users/dvdthepmkr/Google\ Drive/git-repositories/opengl-os-x/glfw-3.1.1/build/CMakeFiles/CMakeTmp/CMAKE_TRY_COMPILE.build/Debug/cmTryCompileExec1852868258.build/Objects-normal/x86_64/testCCompiler.o

Ld Debug/cmTryCompileExec1852868258 normal x86_64
    cd "/Users/dvdthepmkr/Google Drive/git-repositories/opengl-os-x/glfw-3.1.1/build/CMakeFiles/CMakeTmp"
    export MACOSX_DEPLOYMENT_TARGET=10.10
    /Applications/Xcode.app/Contents/Developer/Toolchains/XcodeDefault.xctoolchain/usr/bin/clang -arch x86_64 -isysroot /Applications/Xcode.app/Contents/Developer/Platforms/MacOSX.platform/Developer/SDKs/MacOSX10.10.sdk -L/Users/dvdthepmkr/Google\ Drive/git-repositories/opengl-os-x/glfw-3.1.1/build/CMakeFiles/CMakeTmp/Debug -F/Users/dvdthepmkr/Google\ Drive/git-repositories/opengl-os-x/glfw-3.1.1/build/CMakeFiles/CMakeTmp/Debug -filelist /Users/dvdthepmkr/Google\ Drive/git-repositories/opengl-os-x/glfw-3.1.1/build/CMakeFiles/CMakeTmp/CMAKE_TRY_COMPILE.build/Debug/cmTryCompileExec1852868258.build/Objects-normal/x86_64/cmTryCompileExec1852868258.LinkFileList -mmacosx-version-min=10.10 -Wl,-search_paths_first -Wl,-headerpad_max_install_names -Xlinker -dependency_info -Xlinker /Users/dvdthepmkr/Google\ Drive/git-repositories/opengl-os-x/glfw-3.1.1/build/CMakeFiles/CMakeTmp/CMAKE_TRY_COMPILE.build/Debug/cmTryCompileExec1852868258.build/Objects-normal/x86_64/cmTryCompileExec1852868258_dependency_info.dat -o /Users/dvdthepmkr/Google\ Drive/git-repositories/opengl-os-x/glfw-3.1.1/build/CMakeFiles/CMakeTmp/Debug/cmTryCompileExec1852868258

** BUILD SUCCEEDED **



Detecting C compiler ABI info compiled with the following output:
Change Dir: /Users/dvdthepmkr/Google Drive/git-repositories/opengl-os-x/glfw-3.1.1/build/CMakeFiles/CMakeTmp

Run Build Command:"/usr/bin/xcodebuild" "-project" "CMAKE_TRY_COMPILE.xcodeproj" "build" "-target" "cmTryCompileExec3986020194" "-configuration" "Debug"
=== BUILD TARGET cmTryCompileExec3986020194 OF PROJECT CMAKE_TRY_COMPILE WITH CONFIGURATION Debug ===

Check dependencies

Write auxiliary files
/bin/mkdir -p /Users/dvdthepmkr/Google\ Drive/git-repositories/opengl-os-x/glfw-3.1.1/build/CMakeFiles/CMakeTmp/CMAKE_TRY_COMPILE.build/Debug/cmTryCompileExec3986020194.build/Objects-normal/x86_64
write-file /Users/dvdthepmkr/Google\ Drive/git-repositories/opengl-os-x/glfw-3.1.1/build/CMakeFiles/CMakeTmp/CMAKE_TRY_COMPILE.build/Debug/cmTryCompileExec3986020194.build/Objects-normal/x86_64/cmTryCompileExec3986020194.LinkFileList

CompileC CMAKE_TRY_COMPILE.build/Debug/cmTryCompileExec3986020194.build/Objects-normal/x86_64/CMakeCCompilerABI.o /Applications/CMake.app/Contents/share/cmake-3.2/Modules/CMakeCCompilerABI.c normal x86_64 c com.apple.compilers.llvm.clang.1_0.compiler
    cd "/Users/dvdthepmkr/Google Drive/git-repositories/opengl-os-x/glfw-3.1.1/build/CMakeFiles/CMakeTmp"
    export LANG=en_US.US-ASCII
    /Applications/Xcode.app/Contents/Developer/Toolchains/XcodeDefault.xctoolchain/usr/bin/clang -x c -arch x86_64 -fmessage-length=0 -fdiagnostics-show-note-include-stack -fmacro-backtrace-limit=0 -Wno-trigraphs -fpascal-strings -O0 -Wno-missing-field-initializers -Wno-missing-prototypes -Wno-return-type -Wno-missing-braces -Wparentheses -Wswitch -Wno-unused-function -Wno-unused-label -Wno-unused-parameter -Wno-unused-variable -Wunused-value -Wno-empty-body -Wno-uninitialized -Wno-unknown-pragmas -Wno-shadow -Wno-four-char-constants -Wno-conversion -Wno-constant-conversion -Wno-int-conversion -Wno-bool-conversion -Wno-enum-conversion -Wno-shorten-64-to-32 -Wpointer-sign -Wno-newline-eof -DCMAKE_INTDIR=\"Debug\" -isysroot /Applications/Xcode.app/Contents/Developer/Platforms/MacOSX.platform/Developer/SDKs/MacOSX10.10.sdk -fasm-blocks -fstrict-aliasing -Wdeprecated-declarations -mmacosx-version-min=10.10 -g -Wno-sign-conversion -I/Users/dvdthepmkr/Google\ Drive/git-repositories/opengl-os-x/glfw-3.1.1/build/CMakeFiles/CMakeTmp/Debug/include -I/Applications/Xcode.app/Contents/Developer/Toolchains/XcodeDefault.xctoolchain/usr/include -I/Users/dvdthepmkr/Google\ Drive/git-repositories/opengl-os-x/glfw-3.1.1/build/CMakeFiles/CMakeTmp/CMAKE_TRY_COMPILE.build/Debug/cmTryCompileExec3986020194.build/DerivedSources/x86_64 -I/Users/dvdthepmkr/Google\ Drive/git-repositories/opengl-os-x/glfw-3.1.1/build/CMakeFiles/CMakeTmp/CMAKE_TRY_COMPILE.build/Debug/cmTryCompileExec3986020194.build/DerivedSources -Wmost -Wno-four-char-constants -Wno-unknown-pragmas -F/Users/dvdthepmkr/Google\ Drive/git-repositories/opengl-os-x/glfw-3.1.1/build/CMakeFiles/CMakeTmp/Debug -MMD -MT dependencies -MF /Users/dvdthepmkr/Google\ Drive/git-repositories/opengl-os-x/glfw-3.1.1/build/CMakeFiles/CMakeTmp/CMAKE_TRY_COMPILE.build/Debug/cmTryCompileExec3986020194.build/Objects-normal/x86_64/CMakeCCompilerABI.d --serialize-diagnostics /Users/dvdthepmkr/Google\ Drive/git-repositories/opengl-os-x/glfw-3.1.1/build/CMakeFiles/CMakeTmp/CMAKE_TRY_COMPILE.build/Debug/cmTryCompileExec3986020194.build/Objects-normal/x86_64/CMakeCCompilerABI.dia -c /Applications/CMake.app/Contents/share/cmake-3.2/Modules/CMakeCCompilerABI.c -o /Users/dvdthepmkr/Google\ Drive/git-repositories/opengl-os-x/glfw-3.1.1/build/CMakeFiles/CMakeTmp/CMAKE_TRY_COMPILE.build/Debug/cmTryCompileExec3986020194.build/Objects-normal/x86_64/CMakeCCompilerABI.o

Ld Debug/cmTryCompileExec3986020194 normal x86_64
    cd "/Users/dvdthepmkr/Google Drive/git-repositories/opengl-os-x/glfw-3.1.1/build/CMakeFiles/CMakeTmp"
    export MACOSX_DEPLOYMENT_TARGET=10.10
    /Applications/Xcode.app/Contents/Developer/Toolchains/XcodeDefault.xctoolchain/usr/bin/clang -arch x86_64 -isysroot /Applications/Xcode.app/Contents/Developer/Platforms/MacOSX.platform/Developer/SDKs/MacOSX10.10.sdk -L/Users/dvdthepmkr/Google\ Drive/git-repositories/opengl-os-x/glfw-3.1.1/build/CMakeFiles/CMakeTmp/Debug -F/Users/dvdthepmkr/Google\ Drive/git-repositories/opengl-os-x/glfw-3.1.1/build/CMakeFiles/CMakeTmp/Debug -filelist /Users/dvdthepmkr/Google\ Drive/git-repositories/opengl-os-x/glfw-3.1.1/build/CMakeFiles/CMakeTmp/CMAKE_TRY_COMPILE.build/Debug/cmTryCompileExec3986020194.build/Objects-normal/x86_64/cmTryCompileExec3986020194.LinkFileList -mmacosx-version-min=10.10 -v -Wl,-v -Wl,-search_paths_first -Wl,-headerpad_max_install_names -Xlinker -dependency_info -Xlinker /Users/dvdthepmkr/Google\ Drive/git-repositories/opengl-os-x/glfw-3.1.1/build/CMakeFiles/CMakeTmp/CMAKE_TRY_COMPILE.build/Debug/cmTryCompileExec3986020194.build/Objects-normal/x86_64/cmTryCompileExec3986020194_dependency_info.dat -o /Users/dvdthepmkr/Google\ Drive/git-repositories/opengl-os-x/glfw-3.1.1/build/CMakeFiles/CMakeTmp/Debug/cmTryCompileExec3986020194
Apple LLVM version 6.1.0 (clang-602.0.53) (based on LLVM 3.6.0svn)
Target: x86_64-apple-darwin14.3.0
Thread model: posix
 "/Applications/Xcode.app/Contents/Developer/Toolchains/XcodeDefault.xctoolchain/usr/bin/ld" -demangle -dynamic -arch x86_64 -macosx_version_min 10.10.0 -syslibroot /Applications/Xcode.app/Contents/Developer/Platforms/MacOSX.platform/Developer/SDKs/MacOSX10.10.sdk -o /Users/dvdthepmkr/Google Drive/git-repositories/opengl-os-x/glfw-3.1.1/build/CMakeFiles/CMakeTmp/Debug/cmTryCompileExec3986020194 -L/Users/dvdthepmkr/Google Drive/git-repositories/opengl-os-x/glfw-3.1.1/build/CMakeFiles/CMakeTmp/Debug -filelist /Users/dvdthepmkr/Google Drive/git-repositories/opengl-os-x/glfw-3.1.1/build/CMakeFiles/CMakeTmp/CMAKE_TRY_COMPILE.build/Debug/cmTryCompileExec3986020194.build/Objects-normal/x86_64/cmTryCompileExec3986020194.LinkFileList -v -search_paths_first -headerpad_max_install_names -dependency_info /Users/dvdthepmkr/Google Drive/git-repositories/opengl-os-x/glfw-3.1.1/build/CMakeFiles/CMakeTmp/CMAKE_TRY_COMPILE.build/Debug/cmTryCompileExec3986020194.build/Objects-normal/x86_64/cmTryCompileExec3986020194_dependency_info.dat -lSystem /Applications/Xcode.app/Contents/Developer/Toolchains/XcodeDefault.xctoolchain/usr/bin/../lib/clang/6.1.0/lib/darwin/libclang_rt.osx.a -F/Users/dvdthepmkr/Google Drive/git-repositories/opengl-os-x/glfw-3.1.1/build/CMakeFiles/CMakeTmp/Debug
@(#)PROGRAM:ld  PROJECT:ld64-242
configured to support archs: armv6 armv7 armv7s arm64 i386 x86_64 x86_64h armv6m armv7m armv7em
Library search paths:
	/Users/dvdthepmkr/Google Drive/git-repositories/opengl-os-x/glfw-3.1.1/build/CMakeFiles/CMakeTmp/Debug
	/Applications/Xcode.app/Contents/Developer/Platforms/MacOSX.platform/Developer/SDKs/MacOSX10.10.sdk/usr/lib
Framework search paths:
	/Users/dvdthepmkr/Google Drive/git-repositories/opengl-os-x/glfw-3.1.1/build/CMakeFiles/CMakeTmp/Debug
	/Applications/Xcode.app/Contents/Developer/Platforms/MacOSX.platform/Developer/SDKs/MacOSX10.10.sdk/System/Library/Frameworks/

** BUILD SUCCEEDED **



Parsed C implicit link information from above output:
  link line regex: [^( *|.*[/\])(ld|([^/\]+-)?ld|collect2)[^/\]*( |$)]
  ignore line: [Change Dir: /Users/dvdthepmkr/Google Drive/git-repositories/opengl-os-x/glfw-3.1.1/build/CMakeFiles/CMakeTmp]
  ignore line: []
  ignore line: [Run Build Command:"/usr/bin/xcodebuild" "-project" "CMAKE_TRY_COMPILE.xcodeproj" "build" "-target" "cmTryCompileExec3986020194" "-configuration" "Debug"]
  ignore line: [=== BUILD TARGET cmTryCompileExec3986020194 OF PROJECT CMAKE_TRY_COMPILE WITH CONFIGURATION Debug ===]
  ignore line: []
  ignore line: [Check dependencies]
  ignore line: []
  ignore line: [Write auxiliary files]
  ignore line: [/bin/mkdir -p /Users/dvdthepmkr/Google\ Drive/git-repositories/opengl-os-x/glfw-3.1.1/build/CMakeFiles/CMakeTmp/CMAKE_TRY_COMPILE.build/Debug/cmTryCompileExec3986020194.build/Objects-normal/x86_64]
  ignore line: [write-file /Users/dvdthepmkr/Google\ Drive/git-repositories/opengl-os-x/glfw-3.1.1/build/CMakeFiles/CMakeTmp/CMAKE_TRY_COMPILE.build/Debug/cmTryCompileExec3986020194.build/Objects-normal/x86_64/cmTryCompileExec3986020194.LinkFileList]
  ignore line: []
  ignore line: [CompileC CMAKE_TRY_COMPILE.build/Debug/cmTryCompileExec3986020194.build/Objects-normal/x86_64/CMakeCCompilerABI.o /Applications/CMake.app/Contents/share/cmake-3.2/Modules/CMakeCCompilerABI.c normal x86_64 c com.apple.compilers.llvm.clang.1_0.compiler]
  ignore line: [    cd "/Users/dvdthepmkr/Google Drive/git-repositories/opengl-os-x/glfw-3.1.1/build/CMakeFiles/CMakeTmp"]
  ignore line: [    export LANG=en_US.US-ASCII]
  ignore line: [    /Applications/Xcode.app/Contents/Developer/Toolchains/XcodeDefault.xctoolchain/usr/bin/clang -x c -arch x86_64 -fmessage-length=0 -fdiagnostics-show-note-include-stack -fmacro-backtrace-limit=0 -Wno-trigraphs -fpascal-strings -O0 -Wno-missing-field-initializers -Wno-missing-prototypes -Wno-return-type -Wno-missing-braces -Wparentheses -Wswitch -Wno-unused-function -Wno-unused-label -Wno-unused-parameter -Wno-unused-variable -Wunused-value -Wno-empty-body -Wno-uninitialized -Wno-unknown-pragmas -Wno-shadow -Wno-four-char-constants -Wno-conversion -Wno-constant-conversion -Wno-int-conversion -Wno-bool-conversion -Wno-enum-conversion -Wno-shorten-64-to-32 -Wpointer-sign -Wno-newline-eof -DCMAKE_INTDIR=\"Debug\" -isysroot /Applications/Xcode.app/Contents/Developer/Platforms/MacOSX.platform/Developer/SDKs/MacOSX10.10.sdk -fasm-blocks -fstrict-aliasing -Wdeprecated-declarations -mmacosx-version-min=10.10 -g -Wno-sign-conversion -I/Users/dvdthepmkr/Google\ Drive/git-repositories/opengl-os-x/glfw-3.1.1/build/CMakeFiles/CMakeTmp/Debug/include -I/Applications/Xcode.app/Contents/Developer/Toolchains/XcodeDefault.xctoolchain/usr/include -I/Users/dvdthepmkr/Google\ Drive/git-repositories/opengl-os-x/glfw-3.1.1/build/CMakeFiles/CMakeTmp/CMAKE_TRY_COMPILE.build/Debug/cmTryCompileExec3986020194.build/DerivedSources/x86_64 -I/Users/dvdthepmkr/Google\ Drive/git-repositories/opengl-os-x/glfw-3.1.1/build/CMakeFiles/CMakeTmp/CMAKE_TRY_COMPILE.build/Debug/cmTryCompileExec3986020194.build/DerivedSources -Wmost -Wno-four-char-constants -Wno-unknown-pragmas -F/Users/dvdthepmkr/Google\ Drive/git-repositories/opengl-os-x/glfw-3.1.1/build/CMakeFiles/CMakeTmp/Debug -MMD -MT dependencies -MF /Users/dvdthepmkr/Google\ Drive/git-repositories/opengl-os-x/glfw-3.1.1/build/CMakeFiles/CMakeTmp/CMAKE_TRY_COMPILE.build/Debug/cmTryCompileExec3986020194.build/Objects-normal/x86_64/CMakeCCompilerABI.d --serialize-diagnostics /Users/dvdthepmkr/Google\ Drive/git-repositories/opengl-os-x/glfw-3.1.1/build/CMakeFiles/CMakeTmp/CMAKE_TRY_COMPILE.build/Debug/cmTryCompileExec3986020194.build/Objects-normal/x86_64/CMakeCCompilerABI.dia -c /Applications/CMake.app/Contents/share/cmake-3.2/Modules/CMakeCCompilerABI.c -o /Users/dvdthepmkr/Google\ Drive/git-repositories/opengl-os-x/glfw-3.1.1/build/CMakeFiles/CMakeTmp/CMAKE_TRY_COMPILE.build/Debug/cmTryCompileExec3986020194.build/Objects-normal/x86_64/CMakeCCompilerABI.o]
  ignore line: []
  ignore line: [Ld Debug/cmTryCompileExec3986020194 normal x86_64]
  ignore line: [    cd "/Users/dvdthepmkr/Google Drive/git-repositories/opengl-os-x/glfw-3.1.1/build/CMakeFiles/CMakeTmp"]
  ignore line: [    export MACOSX_DEPLOYMENT_TARGET=10.10]
  ignore line: [    /Applications/Xcode.app/Contents/Developer/Toolchains/XcodeDefault.xctoolchain/usr/bin/clang -arch x86_64 -isysroot /Applications/Xcode.app/Contents/Developer/Platforms/MacOSX.platform/Developer/SDKs/MacOSX10.10.sdk -L/Users/dvdthepmkr/Google\ Drive/git-repositories/opengl-os-x/glfw-3.1.1/build/CMakeFiles/CMakeTmp/Debug -F/Users/dvdthepmkr/Google\ Drive/git-repositories/opengl-os-x/glfw-3.1.1/build/CMakeFiles/CMakeTmp/Debug -filelist /Users/dvdthepmkr/Google\ Drive/git-repositories/opengl-os-x/glfw-3.1.1/build/CMakeFiles/CMakeTmp/CMAKE_TRY_COMPILE.build/Debug/cmTryCompileExec3986020194.build/Objects-normal/x86_64/cmTryCompileExec3986020194.LinkFileList -mmacosx-version-min=10.10 -v -Wl,-v -Wl,-search_paths_first -Wl,-headerpad_max_install_names -Xlinker -dependency_info -Xlinker /Users/dvdthepmkr/Google\ Drive/git-repositories/opengl-os-x/glfw-3.1.1/build/CMakeFiles/CMakeTmp/CMAKE_TRY_COMPILE.build/Debug/cmTryCompileExec3986020194.build/Objects-normal/x86_64/cmTryCompileExec3986020194_dependency_info.dat -o /Users/dvdthepmkr/Google\ Drive/git-repositories/opengl-os-x/glfw-3.1.1/build/CMakeFiles/CMakeTmp/Debug/cmTryCompileExec3986020194]
  ignore line: [Apple LLVM version 6.1.0 (clang-602.0.53) (based on LLVM 3.6.0svn)]
  ignore line: [Target: x86_64-apple-darwin14.3.0]
  ignore line: [Thread model: posix]
  reduced line: [ "/Applications/Xcode.app/Contents/Developer/Toolchains/XcodeDefault.xctoolchain/usr/bin/ld" -demangle -dynamic -arch x86_64 -macosx_version_min 10.10.0 -syslibroot /Applications/Xcode.app/Contents/Developer/Platforms/MacOSX.platform/Developer/SDKs/MacOSX10.10.sdk -o /Users/dvdthepmkr/Google Drive/git-repositories/opengl-os-x/glfw-3.1.1/build/CMakeFiles/CMakeTmp/Debug/cmTryCompileExec3986020194 -L/Users/dvdthepmkr/Google Drive/git-repositories/opengl-os-x/glfw-3.1.1/build/CMakeFiles/CMakeTmp/Debug -filelist /Users/dvdthepmkr/Google Drive/git-repositories/opengl-os-x/glfw-3.1.1/build/CMakeFiles/CMakeTmp/CMAKE_TRY_COMPILE.build/Debug/cmTryCompileExec3986020194.build/Objects-normal/x86_64/cmTryCompileExec3986020194.LinkFileList -v -search_paths_first -headerpad_max_install_names -dependency_info /Users/dvdthepmkr/Google Drive/git-repositories/opengl-os-x/glfw-3.1.1/build/CMakeFiles/CMakeTmp/CMAKE_TRY_COMPILE.build/Debug/cmTryCompileExec3986020194.build/Objects-normal/x86_64/cmTryCompileExec3986020194_dependency_info.dat -lSystem /Applications/Xcode.app/Contents/Developer/Toolchains/XcodeDefault.xctoolchain/usr/bin/../lib/clang/6.1.0/lib/darwin/libclang_rt.osx.a -F/Users/dvdthepmkr/Google Drive/git-repositories/opengl-os-x/glfw-3.1.1/build/CMakeFiles/CMakeTmp/Debug]
            to: [ "/Applications/Xcode.app/Contents/Developer/Toolchains/XcodeDefault.xctoolchain/usr/bin/ld" -demangle -dynamic -arch x86_64 -macosx_version_min 10.10.0 -syslibroot /Applications/Xcode.app/Contents/Developer/Platforms/MacOSX.platform/Developer/SDKs/MacOSX10.10.sdk -o /Users/dvdthepmkr/Google Drive/git-repositories/opengl-os-x/glfw-3.1.1/build/CMakeFiles/CMakeTmp/Debug/cmTryCompileExec3986020194 -filelist /Users/dvdthepmkr/Google Drive/git-repositories/opengl-os-x/glfw-3.1.1/build/CMakeFiles/CMakeTmp/CMAKE_TRY_COMPILE.build/Debug/cmTryCompileExec3986020194.build/Objects-normal/x86_64/cmTryCompileExec3986020194.LinkFileList -v -search_paths_first -headerpad_max_install_names -dependency_info /Users/dvdthepmkr/Google Drive/git-repositories/opengl-os-x/glfw-3.1.1/build/CMakeFiles/CMakeTmp/CMAKE_TRY_COMPILE.build/Debug/cmTryCompileExec3986020194.build/Objects-normal/x86_64/cmTryCompileExec3986020194_dependency_info.dat -lSystem /Applications/Xcode.app/Contents/Developer/Toolchains/XcodeDefault.xctoolchain/usr/bin/../lib/clang/6.1.0/lib/darwin/libclang_rt.osx.a ]
  link line: [ "/Applications/Xcode.app/Contents/Developer/Toolchains/XcodeDefault.xctoolchain/usr/bin/ld" -demangle -dynamic -arch x86_64 -macosx_version_min 10.10.0 -syslibroot /Applications/Xcode.app/Contents/Developer/Platforms/MacOSX.platform/Developer/SDKs/MacOSX10.10.sdk -o /Users/dvdthepmkr/Google Drive/git-repositories/opengl-os-x/glfw-3.1.1/build/CMakeFiles/CMakeTmp/Debug/cmTryCompileExec3986020194 -filelist /Users/dvdthepmkr/Google Drive/git-repositories/opengl-os-x/glfw-3.1.1/build/CMakeFiles/CMakeTmp/CMAKE_TRY_COMPILE.build/Debug/cmTryCompileExec3986020194.build/Objects-normal/x86_64/cmTryCompileExec3986020194.LinkFileList -v -search_paths_first -headerpad_max_install_names -dependency_info /Users/dvdthepmkr/Google Drive/git-repositories/opengl-os-x/glfw-3.1.1/build/CMakeFiles/CMakeTmp/CMAKE_TRY_COMPILE.build/Debug/cmTryCompileExec3986020194.build/Objects-normal/x86_64/cmTryCompileExec3986020194_dependency_info.dat -lSystem /Applications/Xcode.app/Contents/Developer/Toolchains/XcodeDefault.xctoolchain/usr/bin/../lib/clang/6.1.0/lib/darwin/libclang_rt.osx.a ]
    arg [/Applications/Xcode.app/Contents/Developer/Toolchains/XcodeDefault.xctoolchain/usr/bin/ld] ==> ignore
    arg [-demangle] ==> ignore
    arg [-dynamic] ==> ignore
    arg [-arch] ==> ignore
    arg [x86_64] ==> ignore
    arg [-macosx_version_min] ==> ignore
    arg [10.10.0] ==> ignore
    arg [-syslibroot] ==> ignore
    arg [/Applications/Xcode.app/Contents/Developer/Platforms/MacOSX.platform/Developer/SDKs/MacOSX10.10.sdk] ==> ignore
    arg [-o] ==> ignore
    arg [/Users/dvdthepmkr/Google] ==> ignore
    arg [Drive/git-repositories/opengl-os-x/glfw-3.1.1/build/CMakeFiles/CMakeTmp/Debug/cmTryCompileExec3986020194] ==> ignore
    arg [-filelist] ==> ignore
    arg [/Users/dvdthepmkr/Google] ==> ignore
    arg [Drive/git-repositories/opengl-os-x/glfw-3.1.1/build/CMakeFiles/CMakeTmp/CMAKE_TRY_COMPILE.build/Debug/cmTryCompileExec3986020194.build/Objects-normal/x86_64/cmTryCompileExec3986020194.LinkFileList] ==> ignore
    arg [-v] ==> ignore
    arg [-search_paths_first] ==> ignore
    arg [-headerpad_max_install_names] ==> ignore
    arg [-dependency_info] ==> ignore
    arg [/Users/dvdthepmkr/Google] ==> ignore
    arg [Drive/git-repositories/opengl-os-x/glfw-3.1.1/build/CMakeFiles/CMakeTmp/CMAKE_TRY_COMPILE.build/Debug/cmTryCompileExec3986020194.build/Objects-normal/x86_64/cmTryCompileExec3986020194_dependency_info.dat] ==> ignore
    arg [-lSystem] ==> lib [System]
    arg [/Applications/Xcode.app/Contents/Developer/Toolchains/XcodeDefault.xctoolchain/usr/bin/../lib/clang/6.1.0/lib/darwin/libclang_rt.osx.a] ==> lib [/Applications/Xcode.app/Contents/Developer/Toolchains/XcodeDefault.xctoolchain/usr/bin/../lib/clang/6.1.0/lib/darwin/libclang_rt.osx.a]
  Library search paths: [;/Users/dvdthepmkr/Google Drive/git-repositories/opengl-os-x/glfw-3.1.1/build/CMakeFiles/CMakeTmp/Debug;/Applications/Xcode.app/Contents/Developer/Platforms/MacOSX.platform/Developer/SDKs/MacOSX10.10.sdk/usr/lib]
  Framework search paths: [;/Users/dvdthepmkr/Google Drive/git-repositories/opengl-os-x/glfw-3.1.1/build/CMakeFiles/CMakeTmp/Debug;/Applications/Xcode.app/Contents/Developer/Platforms/MacOSX.platform/Developer/SDKs/MacOSX10.10.sdk/System/Library/Frameworks/]
  remove lib [System]
  collapse lib [/Applications/Xcode.app/Contents/Developer/Toolchains/XcodeDefault.xctoolchain/usr/bin/../lib/clang/6.1.0/lib/darwin/libclang_rt.osx.a] ==> [/Applications/Xcode.app/Contents/Developer/Toolchains/XcodeDefault.xctoolchain/usr/lib/clang/6.1.0/lib/darwin/libclang_rt.osx.a]
  collapse library dir [/Users/dvdthepmkr/Google Drive/git-repositories/opengl-os-x/glfw-3.1.1/build/CMakeFiles/CMakeTmp/Debug] ==> [/Users/dvdthepmkr/Google Drive/git-repositories/opengl-os-x/glfw-3.1.1/build/CMakeFiles/CMakeTmp/Debug], skipping non-system directory
  collapse library dir [/Applications/Xcode.app/Contents/Developer/Platforms/MacOSX.platform/Developer/SDKs/MacOSX10.10.sdk/usr/lib] ==> [/Applications/Xcode.app/Contents/Developer/Platforms/MacOSX.platform/Developer/SDKs/MacOSX10.10.sdk/usr/lib]
  collapse framework dir [/Users/dvdthepmkr/Google Drive/git-repositories/opengl-os-x/glfw-3.1.1/build/CMakeFiles/CMakeTmp/Debug] ==> [/Users/dvdthepmkr/Google Drive/git-repositories/opengl-os-x/glfw-3.1.1/build/CMakeFiles/CMakeTmp/Debug], skipping non-system directory
  collapse framework dir [/Applications/Xcode.app/Contents/Developer/Platforms/MacOSX.platform/Developer/SDKs/MacOSX10.10.sdk/System/Library/Frameworks/] ==> [/Applications/Xcode.app/Contents/Developer/Platforms/MacOSX.platform/Developer/SDKs/MacOSX10.10.sdk/System/Library/Frameworks]
  implicit libs: [/Applications/Xcode.app/Contents/Developer/Toolchains/XcodeDefault.xctoolchain/usr/lib/clang/6.1.0/lib/darwin/libclang_rt.osx.a]
  implicit dirs: [/Applications/Xcode.app/Contents/Developer/Platforms/MacOSX.platform/Developer/SDKs/MacOSX10.10.sdk/usr/lib]
  implicit fwks: [/Applications/Xcode.app/Contents/Developer/Platforms/MacOSX.platform/Developer/SDKs/MacOSX10.10.sdk/System/Library/Frameworks]




Detecting C [-std=c11] compiler features compiled with the following output:
Change Dir: /Users/dvdthepmkr/Google Drive/git-repositories/opengl-os-x/glfw-3.1.1/build/CMakeFiles/CMakeTmp

Run Build Command:"/usr/bin/xcodebuild" "-project" "CMAKE_TRY_COMPILE.xcodeproj" "build" "-target" "cmTryCompileExec2954744857" "-configuration" "Debug"
=== BUILD TARGET cmTryCompileExec2954744857 OF PROJECT CMAKE_TRY_COMPILE WITH CONFIGURATION Debug ===

Check dependencies

Write auxiliary files
/bin/mkdir -p /Users/dvdthepmkr/Google\ Drive/git-repositories/opengl-os-x/glfw-3.1.1/build/CMakeFiles/CMakeTmp/CMAKE_TRY_COMPILE.build/Debug/cmTryCompileExec2954744857.build/Objects-normal/x86_64
write-file /Users/dvdthepmkr/Google\ Drive/git-repositories/opengl-os-x/glfw-3.1.1/build/CMakeFiles/CMakeTmp/CMAKE_TRY_COMPILE.build/Debug/cmTryCompileExec2954744857.build/Objects-normal/x86_64/cmTryCompileExec2954744857.LinkFileList

CompileC CMAKE_TRY_COMPILE.build/Debug/cmTryCompileExec2954744857.build/Objects-normal/x86_64/feature_tests.o /Users/dvdthepmkr/Google\ Drive/git-repositories/opengl-os-x/glfw-3.1.1/build/CMakeFiles/feature_tests.c normal x86_64 c com.apple.compilers.llvm.clang.1_0.compiler
    cd "/Users/dvdthepmkr/Google Drive/git-repositories/opengl-os-x/glfw-3.1.1/build/CMakeFiles/CMakeTmp"
    export LANG=en_US.US-ASCII
    /Applications/Xcode.app/Contents/Developer/Toolchains/XcodeDefault.xctoolchain/usr/bin/clang -x c -arch x86_64 -fmessage-length=0 -fdiagnostics-show-note-include-stack -fmacro-backtrace-limit=0 -Wno-trigraphs -fpascal-strings -O0 -Wno-missing-field-initializers -Wno-missing-prototypes -Wno-return-type -Wno-missing-braces -Wparentheses -Wswitch -Wno-unused-function -Wno-unused-label -Wno-unused-parameter -Wno-unused-variable -Wunused-value -Wno-empty-body -Wno-uninitialized -Wno-unknown-pragmas -Wno-shadow -Wno-four-char-constants -Wno-conversion -Wno-constant-conversion -Wno-int-conversion -Wno-bool-conversion -Wno-enum-conversion -Wno-shorten-64-to-32 -Wpointer-sign -Wno-newline-eof -DCMAKE_INTDIR=\"Debug\" -isysroot /Applications/Xcode.app/Contents/Developer/Platforms/MacOSX.platform/Developer/SDKs/MacOSX10.10.sdk -fasm-blocks -fstrict-aliasing -Wdeprecated-declarations -mmacosx-version-min=10.10 -g -Wno-sign-conversion -I/Users/dvdthepmkr/Google\ Drive/git-repositories/opengl-os-x/glfw-3.1.1/build/CMakeFiles/CMakeTmp/Debug/include -I/Applications/Xcode.app/Contents/Developer/Toolchains/XcodeDefault.xctoolchain/usr/include -I/Users/dvdthepmkr/Google\ Drive/git-repositories/opengl-os-x/glfw-3.1.1/build/CMakeFiles/CMakeTmp/CMAKE_TRY_COMPILE.build/Debug/cmTryCompileExec2954744857.build/DerivedSources/x86_64 -I/Users/dvdthepmkr/Google\ Drive/git-repositories/opengl-os-x/glfw-3.1.1/build/CMakeFiles/CMakeTmp/CMAKE_TRY_COMPILE.build/Debug/cmTryCompileExec2954744857.build/DerivedSources -Wmost -Wno-four-char-constants -Wno-unknown-pragmas -F/Users/dvdthepmkr/Google\ Drive/git-repositories/opengl-os-x/glfw-3.1.1/build/CMakeFiles/CMakeTmp/Debug -std=c11 -MMD -MT dependencies -MF /Users/dvdthepmkr/Google\ Drive/git-repositories/opengl-os-x/glfw-3.1.1/build/CMakeFiles/CMakeTmp/CMAKE_TRY_COMPILE.build/Debug/cmTryCompileExec2954744857.build/Objects-normal/x86_64/feature_tests.d --serialize-diagnostics /Users/dvdthepmkr/Google\ Drive/git-repositories/opengl-os-x/glfw-3.1.1/build/CMakeFiles/CMakeTmp/CMAKE_TRY_COMPILE.build/Debug/cmTryCompileExec2954744857.build/Objects-normal/x86_64/feature_tests.dia -c /Users/dvdthepmkr/Google\ Drive/git-repositories/opengl-os-x/glfw-3.1.1/build/CMakeFiles/feature_tests.c -o /Users/dvdthepmkr/Google\ Drive/git-repositories/opengl-os-x/glfw-3.1.1/build/CMakeFiles/CMakeTmp/CMAKE_TRY_COMPILE.build/Debug/cmTryCompileExec2954744857.build/Objects-normal/x86_64/feature_tests.o

Ld Debug/cmTryCompileExec2954744857 normal x86_64
    cd "/Users/dvdthepmkr/Google Drive/git-repositories/opengl-os-x/glfw-3.1.1/build/CMakeFiles/CMakeTmp"
    export MACOSX_DEPLOYMENT_TARGET=10.10
    /Applications/Xcode.app/Contents/Developer/Toolchains/XcodeDefault.xctoolchain/usr/bin/clang -arch x86_64 -isysroot /Applications/Xcode.app/Contents/Developer/Platforms/MacOSX.platform/Developer/SDKs/MacOSX10.10.sdk -L/Users/dvdthepmkr/Google\ Drive/git-repositories/opengl-os-x/glfw-3.1.1/build/CMakeFiles/CMakeTmp/Debug -F/Users/dvdthepmkr/Google\ Drive/git-repositories/opengl-os-x/glfw-3.1.1/build/CMakeFiles/CMakeTmp/Debug -filelist /Users/dvdthepmkr/Google\ Drive/git-repositories/opengl-os-x/glfw-3.1.1/build/CMakeFiles/CMakeTmp/CMAKE_TRY_COMPILE.build/Debug/cmTryCompileExec2954744857.build/Objects-normal/x86_64/cmTryCompileExec2954744857.LinkFileList -mmacosx-version-min=10.10 -Wl,-search_paths_first -Wl,-headerpad_max_install_names -Xlinker -dependency_info -Xlinker /Users/dvdthepmkr/Google\ Drive/git-repositories/opengl-os-x/glfw-3.1.1/build/CMakeFiles/CMakeTmp/CMAKE_TRY_COMPILE.build/Debug/cmTryCompileExec2954744857.build/Objects-normal/x86_64/cmTryCompileExec2954744857_dependency_info.dat -o /Users/dvdthepmkr/Google\ Drive/git-repositories/opengl-os-x/glfw-3.1.1/build/CMakeFiles/CMakeTmp/Debug/cmTryCompileExec2954744857

** BUILD SUCCEEDED **



    Feature record: C_FEATURE:1c_function_prototypes
    Feature record: C_FEATURE:1c_restrict
    Feature record: C_FEATURE:1c_static_assert
    Feature record: C_FEATURE:1c_variadic_macros


Detecting C [-std=c99] compiler features compiled with the following output:
Change Dir: /Users/dvdthepmkr/Google Drive/git-repositories/opengl-os-x/glfw-3.1.1/build/CMakeFiles/CMakeTmp

Run Build Command:"/usr/bin/xcodebuild" "-project" "CMAKE_TRY_COMPILE.xcodeproj" "build" "-target" "cmTryCompileExec3182334672" "-configuration" "Debug"
=== BUILD TARGET cmTryCompileExec3182334672 OF PROJECT CMAKE_TRY_COMPILE WITH CONFIGURATION Debug ===

Check dependencies

Write auxiliary files
/bin/mkdir -p /Users/dvdthepmkr/Google\ Drive/git-repositories/opengl-os-x/glfw-3.1.1/build/CMakeFiles/CMakeTmp/CMAKE_TRY_COMPILE.build/Debug/cmTryCompileExec3182334672.build/Objects-normal/x86_64
write-file /Users/dvdthepmkr/Google\ Drive/git-repositories/opengl-os-x/glfw-3.1.1/build/CMakeFiles/CMakeTmp/CMAKE_TRY_COMPILE.build/Debug/cmTryCompileExec3182334672.build/Objects-normal/x86_64/cmTryCompileExec3182334672.LinkFileList

CompileC CMAKE_TRY_COMPILE.build/Debug/cmTryCompileExec3182334672.build/Objects-normal/x86_64/feature_tests.o /Users/dvdthepmkr/Google\ Drive/git-repositories/opengl-os-x/glfw-3.1.1/build/CMakeFiles/feature_tests.c normal x86_64 c com.apple.compilers.llvm.clang.1_0.compiler
    cd "/Users/dvdthepmkr/Google Drive/git-repositories/opengl-os-x/glfw-3.1.1/build/CMakeFiles/CMakeTmp"
    export LANG=en_US.US-ASCII
    /Applications/Xcode.app/Contents/Developer/Toolchains/XcodeDefault.xctoolchain/usr/bin/clang -x c -arch x86_64 -fmessage-length=0 -fdiagnostics-show-note-include-stack -fmacro-backtrace-limit=0 -Wno-trigraphs -fpascal-strings -O0 -Wno-missing-field-initializers -Wno-missing-prototypes -Wno-return-type -Wno-missing-braces -Wparentheses -Wswitch -Wno-unused-function -Wno-unused-label -Wno-unused-parameter -Wno-unused-variable -Wunused-value -Wno-empty-body -Wno-uninitialized -Wno-unknown-pragmas -Wno-shadow -Wno-four-char-constants -Wno-conversion -Wno-constant-conversion -Wno-int-conversion -Wno-bool-conversion -Wno-enum-conversion -Wno-shorten-64-to-32 -Wpointer-sign -Wno-newline-eof -DCMAKE_INTDIR=\"Debug\" -isysroot /Applications/Xcode.app/Contents/Developer/Platforms/MacOSX.platform/Developer/SDKs/MacOSX10.10.sdk -fasm-blocks -fstrict-aliasing -Wdeprecated-declarations -mmacosx-version-min=10.10 -g -Wno-sign-conversion -I/Users/dvdthepmkr/Google\ Drive/git-repositories/opengl-os-x/glfw-3.1.1/build/CMakeFiles/CMakeTmp/Debug/include -I/Applications/Xcode.app/Contents/Developer/Toolchains/XcodeDefault.xctoolchain/usr/include -I/Users/dvdthepmkr/Google\ Drive/git-repositories/opengl-os-x/glfw-3.1.1/build/CMakeFiles/CMakeTmp/CMAKE_TRY_COMPILE.build/Debug/cmTryCompileExec3182334672.build/DerivedSources/x86_64 -I/Users/dvdthepmkr/Google\ Drive/git-repositories/opengl-os-x/glfw-3.1.1/build/CMakeFiles/CMakeTmp/CMAKE_TRY_COMPILE.build/Debug/cmTryCompileExec3182334672.build/DerivedSources -Wmost -Wno-four-char-constants -Wno-unknown-pragmas -F/Users/dvdthepmkr/Google\ Drive/git-repositories/opengl-os-x/glfw-3.1.1/build/CMakeFiles/CMakeTmp/Debug -std=c99 -MMD -MT dependencies -MF /Users/dvdthepmkr/Google\ Drive/git-repositories/opengl-os-x/glfw-3.1.1/build/CMakeFiles/CMakeTmp/CMAKE_TRY_COMPILE.build/Debug/cmTryCompileExec3182334672.build/Objects-normal/x86_64/feature_tests.d --serialize-diagnostics /Users/dvdthepmkr/Google\ Drive/git-repositories/opengl-os-x/glfw-3.1.1/build/CMakeFiles/CMakeTmp/CMAKE_TRY_COMPILE.build/Debug/cmTryCompileExec3182334672.build/Objects-normal/x86_64/feature_tests.dia -c /Users/dvdthepmkr/Google\ Drive/git-repositories/opengl-os-x/glfw-3.1.1/build/CMakeFiles/feature_tests.c -o /Users/dvdthepmkr/Google\ Drive/git-repositories/opengl-os-x/glfw-3.1.1/build/CMakeFiles/CMakeTmp/CMAKE_TRY_COMPILE.build/Debug/cmTryCompileExec3182334672.build/Objects-normal/x86_64/feature_tests.o

Ld Debug/cmTryCompileExec3182334672 normal x86_64
    cd "/Users/dvdthepmkr/Google Drive/git-repositories/opengl-os-x/glfw-3.1.1/build/CMakeFiles/CMakeTmp"
    export MACOSX_DEPLOYMENT_TARGET=10.10
    /Applications/Xcode.app/Contents/Developer/Toolchains/XcodeDefault.xctoolchain/usr/bin/clang -arch x86_64 -isysroot /Applications/Xcode.app/Contents/Developer/Platforms/MacOSX.platform/Developer/SDKs/MacOSX10.10.sdk -L/Users/dvdthepmkr/Google\ Drive/git-repositories/opengl-os-x/glfw-3.1.1/build/CMakeFiles/CMakeTmp/Debug -F/Users/dvdthepmkr/Google\ Drive/git-repositories/opengl-os-x/glfw-3.1.1/build/CMakeFiles/CMakeTmp/Debug -filelist /Users/dvdthepmkr/Google\ Drive/git-repositories/opengl-os-x/glfw-3.1.1/build/CMakeFiles/CMakeTmp/CMAKE_TRY_COMPILE.build/Debug/cmTryCompileExec3182334672.build/Objects-normal/x86_64/cmTryCompileExec3182334672.LinkFileList -mmacosx-version-min=10.10 -Wl,-search_paths_first -Wl,-headerpad_max_install_names -Xlinker -dependency_info -Xlinker /Users/dvdthepmkr/Google\ Drive/git-repositories/opengl-os-x/glfw-3.1.1/build/CMakeFiles/CMakeTmp/CMAKE_TRY_COMPILE.build/Debug/cmTryCompileExec3182334672.build/Objects-normal/x86_64/cmTryCompileExec3182334672_dependency_info.dat -o /Users/dvdthepmkr/Google\ Drive/git-repositories/opengl-os-x/glfw-3.1.1/build/CMakeFiles/CMakeTmp/Debug/cmTryCompileExec3182334672

** BUILD SUCCEEDED **



    Feature record: C_FEATURE:1c_function_prototypes
    Feature record: C_FEATURE:1c_restrict
    Feature record: C_FEATURE:0c_static_assert
    Feature record: C_FEATURE:1c_variadic_macros


Detecting C [-std=c90] compiler features compiled with the following output:
Change Dir: /Users/dvdthepmkr/Google Drive/git-repositories/opengl-os-x/glfw-3.1.1/build/CMakeFiles/CMakeTmp

Run Build Command:"/usr/bin/xcodebuild" "-project" "CMAKE_TRY_COMPILE.xcodeproj" "build" "-target" "cmTryCompileExec4104411500" "-configuration" "Debug"
=== BUILD TARGET cmTryCompileExec4104411500 OF PROJECT CMAKE_TRY_COMPILE WITH CONFIGURATION Debug ===

Check dependencies

Write auxiliary files
/bin/mkdir -p /Users/dvdthepmkr/Google\ Drive/git-repositories/opengl-os-x/glfw-3.1.1/build/CMakeFiles/CMakeTmp/CMAKE_TRY_COMPILE.build/Debug/cmTryCompileExec4104411500.build/Objects-normal/x86_64
write-file /Users/dvdthepmkr/Google\ Drive/git-repositories/opengl-os-x/glfw-3.1.1/build/CMakeFiles/CMakeTmp/CMAKE_TRY_COMPILE.build/Debug/cmTryCompileExec4104411500.build/Objects-normal/x86_64/cmTryCompileExec4104411500.LinkFileList

CompileC CMAKE_TRY_COMPILE.build/Debug/cmTryCompileExec4104411500.build/Objects-normal/x86_64/feature_tests.o /Users/dvdthepmkr/Google\ Drive/git-repositories/opengl-os-x/glfw-3.1.1/build/CMakeFiles/feature_tests.c normal x86_64 c com.apple.compilers.llvm.clang.1_0.compiler
    cd "/Users/dvdthepmkr/Google Drive/git-repositories/opengl-os-x/glfw-3.1.1/build/CMakeFiles/CMakeTmp"
    export LANG=en_US.US-ASCII
    /Applications/Xcode.app/Contents/Developer/Toolchains/XcodeDefault.xctoolchain/usr/bin/clang -x c -arch x86_64 -fmessage-length=0 -fdiagnostics-show-note-include-stack -fmacro-backtrace-limit=0 -Wno-trigraphs -fpascal-strings -O0 -Wno-missing-field-initializers -Wno-missing-prototypes -Wno-return-type -Wno-missing-braces -Wparentheses -Wswitch -Wno-unused-function -Wno-unused-label -Wno-unused-parameter -Wno-unused-variable -Wunused-value -Wno-empty-body -Wno-uninitialized -Wno-unknown-pragmas -Wno-shadow -Wno-four-char-constants -Wno-conversion -Wno-constant-conversion -Wno-int-conversion -Wno-bool-conversion -Wno-enum-conversion -Wno-shorten-64-to-32 -Wpointer-sign -Wno-newline-eof -DCMAKE_INTDIR=\"Debug\" -isysroot /Applications/Xcode.app/Contents/Developer/Platforms/MacOSX.platform/Developer/SDKs/MacOSX10.10.sdk -fasm-blocks -fstrict-aliasing -Wdeprecated-declarations -mmacosx-version-min=10.10 -g -Wno-sign-conversion -I/Users/dvdthepmkr/Google\ Drive/git-repositories/opengl-os-x/glfw-3.1.1/build/CMakeFiles/CMakeTmp/Debug/include -I/Applications/Xcode.app/Contents/Developer/Toolchains/XcodeDefault.xctoolchain/usr/include -I/Users/dvdthepmkr/Google\ Drive/git-repositories/opengl-os-x/glfw-3.1.1/build/CMakeFiles/CMakeTmp/CMAKE_TRY_COMPILE.build/Debug/cmTryCompileExec4104411500.build/DerivedSources/x86_64 -I/Users/dvdthepmkr/Google\ Drive/git-repositories/opengl-os-x/glfw-3.1.1/build/CMakeFiles/CMakeTmp/CMAKE_TRY_COMPILE.build/Debug/cmTryCompileExec4104411500.build/DerivedSources -Wmost -Wno-four-char-constants -Wno-unknown-pragmas -F/Users/dvdthepmkr/Google\ Drive/git-repositories/opengl-os-x/glfw-3.1.1/build/CMakeFiles/CMakeTmp/Debug -std=c90 -MMD -MT dependencies -MF /Users/dvdthepmkr/Google\ Drive/git-repositories/opengl-os-x/glfw-3.1.1/build/CMakeFiles/CMakeTmp/CMAKE_TRY_COMPILE.build/Debug/cmTryCompileExec4104411500.build/Objects-normal/x86_64/feature_tests.d --serialize-diagnostics /Users/dvdthepmkr/Google\ Drive/git-repositories/opengl-os-x/glfw-3.1.1/build/CMakeFiles/CMakeTmp/CMAKE_TRY_COMPILE.build/Debug/cmTryCompileExec4104411500.build/Objects-normal/x86_64/feature_tests.dia -c /Users/dvdthepmkr/Google\ Drive/git-repositories/opengl-os-x/glfw-3.1.1/build/CMakeFiles/feature_tests.c -o /Users/dvdthepmkr/Google\ Drive/git-repositories/opengl-os-x/glfw-3.1.1/build/CMakeFiles/CMakeTmp/CMAKE_TRY_COMPILE.build/Debug/cmTryCompileExec4104411500.build/Objects-normal/x86_64/feature_tests.o

Ld Debug/cmTryCompileExec4104411500 normal x86_64
    cd "/Users/dvdthepmkr/Google Drive/git-repositories/opengl-os-x/glfw-3.1.1/build/CMakeFiles/CMakeTmp"
    export MACOSX_DEPLOYMENT_TARGET=10.10
    /Applications/Xcode.app/Contents/Developer/Toolchains/XcodeDefault.xctoolchain/usr/bin/clang -arch x86_64 -isysroot /Applications/Xcode.app/Contents/Developer/Platforms/MacOSX.platform/Developer/SDKs/MacOSX10.10.sdk -L/Users/dvdthepmkr/Google\ Drive/git-repositories/opengl-os-x/glfw-3.1.1/build/CMakeFiles/CMakeTmp/Debug -F/Users/dvdthepmkr/Google\ Drive/git-repositories/opengl-os-x/glfw-3.1.1/build/CMakeFiles/CMakeTmp/Debug -filelist /Users/dvdthepmkr/Google\ Drive/git-repositories/opengl-os-x/glfw-3.1.1/build/CMakeFiles/CMakeTmp/CMAKE_TRY_COMPILE.build/Debug/cmTryCompileExec4104411500.build/Objects-normal/x86_64/cmTryCompileExec4104411500.LinkFileList -mmacosx-version-min=10.10 -Wl,-search_paths_first -Wl,-headerpad_max_install_names -Xlinker -dependency_info -Xlinker /Users/dvdthepmkr/Google\ Drive/git-repositories/opengl-os-x/glfw-3.1.1/build/CMakeFiles/CMakeTmp/CMAKE_TRY_COMPILE.build/Debug/cmTryCompileExec4104411500.build/Objects-normal/x86_64/cmTryCompileExec4104411500_dependency_info.dat -o /Users/dvdthepmkr/Google\ Drive/git-repositories/opengl-os-x/glfw-3.1.1/build/CMakeFiles/CMakeTmp/Debug/cmTryCompileExec4104411500

** BUILD SUCCEEDED **



    Feature record: C_FEATURE:1c_function_prototypes
    Feature record: C_FEATURE:0c_restrict
    Feature record: C_FEATURE:0c_static_assert
    Feature record: C_FEATURE:0c_variadic_macros
